<?xml version="1.0" encoding="UTF-8"?>
<!-- Generated by org.testng.reporters.JUnitReportReporter -->
<testsuite hostname="Nalli-PC" name="TestNG_Example_15.DataProviderTest_01" tests="2" failures="0" timestamp="12 Sep 2016 13:52:53 GMT" time="45.791" errors="0">
  <testcase name="test" time="33.183" classname="TestNG_Example_15.DataProviderTest_01"/>
  <testcase name="test" time="12.608" classname="TestNG_Example_15.DataProviderTest_01"/>
</testsuite> <!-- TestNG_Example_15.DataProviderTest_01 -->
