<?xml version="1.0" encoding="UTF-8"?>
<!-- Generated by org.testng.reporters.JUnitReportReporter -->
<testsuite hostname="Nalli-PC" name="TestNG_Example_15.Annotation_Example_00" tests="2" failures="0" timestamp="15 Sep 2016 13:44:16 GMT" time="0.000" errors="0">
  <testcase name="Tc_2" time="0.000" classname="TestNG_Example_15.Annotation_Example_00"/>
  <testcase name="Tc_1" time="0.000" classname="TestNG_Example_15.Annotation_Example_00"/>
</testsuite> <!-- TestNG_Example_15.Annotation_Example_00 -->
