<?xml version="1.0" encoding="UTF-8"?>
<!-- Generated by org.testng.reporters.JUnitReportReporter -->
<testsuite hostname="Nalli-PC" name="TestNG_Example_15.DependanceTest_05" tests="3" failures="0" timestamp="22 Aug 2016 11:16:43 GMT" time="0.031" errors="0">
  <testcase name="B_CreateUser" time="0.021" classname="TestNG_Example_15.DependanceTest_05"/>
  <testcase name="OpenURl" time="0.005" classname="TestNG_Example_15.DependanceTest_05"/>
  <testcase name="A_Login" time="0.005" classname="TestNG_Example_15.DependanceTest_05"/>
</testsuite> <!-- TestNG_Example_15.DependanceTest_05 -->
