<?xml version="1.0" encoding="UTF-8"?>
<!-- Generated by org.testng.reporters.JUnitReportReporter -->
<testsuite skipped="0" hostname="Nalli-PC" name="TestNG_Example_15.TC_01" tests="3" failures="0" timestamp="02 May 2018 03:49:31 GMT" time="0.031" errors="0">
  <testcase name="login" time="0.012" classname="TestNG_Example_15.TC_01"/>
  <testcase name="TimeTrack" time="0.016" classname="TestNG_Example_15.TC_01"/>
  <testcase name="Logout" time="0.003" classname="TestNG_Example_15.TC_01"/>
</testsuite> <!-- TestNG_Example_15.TC_01 -->
